<?xml version="1.0" encoding="UTF-8"?>
<!-- Generated by org.testng.reporters.JUnitXMLReporter -->
<testsuite ignored="2" hostname="TA21131" failures="0" tests="0" time="0.016" errors="0" timestamp="2024-02-16T15:02:22 IST">
  <testcase classname="testngsample.ParallelExecution" name="openbing" time="0.0">
    <ignored/>
  </testcase> <!-- openbing -->
  <testcase classname="testngsample.ParallelExecution" name="openchromebrowser" time="0.0">
    <ignored/>
  </testcase> <!-- openchromebrowser -->
</testsuite>
